<?xml version="1.0" encoding="UTF-8"?>
<testng-results skipped="0" failed="2" ignored="0" total="6" passed="4">
  <reporter-output>
  </reporter-output>
  <suite name="Default suite" duration-ms="56307" started-at="2021-06-10T20:30:56 CEST" finished-at="2021-06-10T20:31:52 CEST">
    <groups>
    </groups>
    <test name="Default test" duration-ms="56307" started-at="2021-06-10T20:30:56 CEST" finished-at="2021-06-10T20:31:52 CEST">
      <class name="tests.LogInTest">
        <test-method status="PASS" signature="BeforeEveryTests()[pri:0, instance:tests.LogInTest@51e2adc7]" name="BeforeEveryTests" is-config="true" duration-ms="3086" started-at="2021-06-10T20:30:56 CEST" finished-at="2021-06-10T20:30:59 CEST">
          <reporter-output>
          </reporter-output>
        </test-method> <!-- BeforeEveryTests -->
        <test-method status="PASS" signature="beforeTest()[pri:0, instance:tests.LogInTest@51e2adc7]" name="beforeTest" is-config="true" duration-ms="7187" started-at="2021-06-10T20:30:59 CEST" finished-at="2021-06-10T20:31:06 CEST">
          <reporter-output>
          </reporter-output>
        </test-method> <!-- beforeTest -->
        <test-method status="PASS" signature="signIn()[pri:0, instance:tests.LogInTest@51e2adc7]" name="signIn" duration-ms="5967" started-at="2021-06-10T20:31:06 CEST" finished-at="2021-06-10T20:31:12 CEST">
          <reporter-output>
          </reporter-output>
        </test-method> <!-- signIn -->
        <test-method status="PASS" signature="posleSvakogTesta()[pri:0, instance:tests.LogInTest@51e2adc7]" name="posleSvakogTesta" is-config="true" duration-ms="1575" started-at="2021-06-10T20:31:12 CEST" finished-at="2021-06-10T20:31:14 CEST">
          <reporter-output>
          </reporter-output>
        </test-method> <!-- posleSvakogTesta -->
        <test-method status="PASS" signature="beforeTest()[pri:0, instance:tests.LogInTest@51e2adc7]" name="beforeTest" is-config="true" duration-ms="2773" started-at="2021-06-10T20:31:14 CEST" finished-at="2021-06-10T20:31:17 CEST">
          <reporter-output>
          </reporter-output>
        </test-method> <!-- beforeTest -->
        <test-method status="PASS" signature="signInNoCredentials()[pri:0, instance:tests.LogInTest@51e2adc7]" name="signInNoCredentials" duration-ms="4505" started-at="2021-06-10T20:31:17 CEST" finished-at="2021-06-10T20:31:21 CEST">
          <reporter-output>
          </reporter-output>
        </test-method> <!-- signInNoCredentials -->
        <test-method status="PASS" signature="posleSvakogTesta()[pri:0, instance:tests.LogInTest@51e2adc7]" name="posleSvakogTesta" is-config="true" duration-ms="1389" started-at="2021-06-10T20:31:21 CEST" finished-at="2021-06-10T20:31:23 CEST">
          <reporter-output>
          </reporter-output>
        </test-method> <!-- posleSvakogTesta -->
        <test-method status="PASS" signature="beforeTest()[pri:0, instance:tests.LogInTest@51e2adc7]" name="beforeTest" is-config="true" duration-ms="3248" started-at="2021-06-10T20:31:23 CEST" finished-at="2021-06-10T20:31:26 CEST">
          <reporter-output>
          </reporter-output>
        </test-method> <!-- beforeTest -->
        <test-method status="FAIL" signature="signInBadPassword()[pri:3, instance:tests.LogInTest@51e2adc7]" name="signInBadPassword" duration-ms="1522" started-at="2021-06-10T20:31:26 CEST" finished-at="2021-06-10T20:31:27 CEST">
          <exception class="java.lang.AssertionError">
            <message>
              <![CDATA[expected [Authentication failed.] but found [Invalid password.]]]>
            </message>
            <full-stacktrace>
              <![CDATA[java.lang.AssertionError: expected [Authentication failed.] but found [Invalid password.]
at org.testng.Assert.fail(Assert.java:99)
at org.testng.Assert.failNotEquals(Assert.java:1037)
at org.testng.Assert.assertEqualsImpl(Assert.java:140)
at org.testng.Assert.assertEquals(Assert.java:122)
at org.testng.Assert.assertEquals(Assert.java:629)
at org.testng.Assert.assertEquals(Assert.java:639)
at tests.LogInTest.signInBadPassword(LogInTest.java:48)
at sun.reflect.NativeMethodAccessorImpl.invoke0(Native Method)
at sun.reflect.NativeMethodAccessorImpl.invoke(Unknown Source)
at sun.reflect.DelegatingMethodAccessorImpl.invoke(Unknown Source)
at java.lang.reflect.Method.invoke(Unknown Source)
at org.testng.internal.MethodInvocationHelper.invokeMethod(MethodInvocationHelper.java:133)
at org.testng.internal.TestInvoker.invokeMethod(TestInvoker.java:598)
at org.testng.internal.TestInvoker.invokeTestMethod(TestInvoker.java:173)
at org.testng.internal.MethodRunner.runInSequence(MethodRunner.java:46)
at org.testng.internal.TestInvoker$MethodInvocationAgent.invoke(TestInvoker.java:824)
at org.testng.internal.TestInvoker.invokeTestMethods(TestInvoker.java:146)
at org.testng.internal.TestMethodWorker.invokeTestMethods(TestMethodWorker.java:146)
at org.testng.internal.TestMethodWorker.run(TestMethodWorker.java:128)
at java.util.ArrayList.forEach(Unknown Source)
at org.testng.TestRunner.privateRun(TestRunner.java:794)
at org.testng.TestRunner.run(TestRunner.java:596)
at org.testng.SuiteRunner.runTest(SuiteRunner.java:377)
at org.testng.SuiteRunner.runSequentially(SuiteRunner.java:371)
at org.testng.SuiteRunner.privateRun(SuiteRunner.java:332)
at org.testng.SuiteRunner.run(SuiteRunner.java:276)
at org.testng.SuiteRunnerWorker.runSuite(SuiteRunnerWorker.java:53)
at org.testng.SuiteRunnerWorker.run(SuiteRunnerWorker.java:96)
at org.testng.TestNG.runSuitesSequentially(TestNG.java:1212)
at org.testng.TestNG.runSuitesLocally(TestNG.java:1134)
at org.testng.TestNG.runSuites(TestNG.java:1063)
at org.testng.TestNG.run(TestNG.java:1031)
at org.testng.remote.AbstractRemoteTestNG.run(AbstractRemoteTestNG.java:115)
at org.testng.remote.RemoteTestNG.initAndRun(RemoteTestNG.java:251)
at org.testng.remote.RemoteTestNG.main(RemoteTestNG.java:77)
]]>
            </full-stacktrace>
          </exception> <!-- java.lang.AssertionError -->
          <reporter-output>
          </reporter-output>
        </test-method> <!-- signInBadPassword -->
        <test-method status="PASS" signature="posleSvakogTesta()[pri:0, instance:tests.LogInTest@51e2adc7]" name="posleSvakogTesta" is-config="true" duration-ms="1771" started-at="2021-06-10T20:31:27 CEST" finished-at="2021-06-10T20:31:29 CEST">
          <reporter-output>
          </reporter-output>
        </test-method> <!-- posleSvakogTesta -->
        <test-method status="PASS" signature="beforeTest()[pri:0, instance:tests.LogInTest@51e2adc7]" name="beforeTest" is-config="true" duration-ms="2342" started-at="2021-06-10T20:31:29 CEST" finished-at="2021-06-10T20:31:32 CEST">
          <reporter-output>
          </reporter-output>
        </test-method> <!-- beforeTest -->
        <test-method status="PASS" signature="signInBadEmail()[pri:6, instance:tests.LogInTest@51e2adc7]" name="signInBadEmail" duration-ms="4146" started-at="2021-06-10T20:31:32 CEST" finished-at="2021-06-10T20:31:36 CEST">
          <reporter-output>
          </reporter-output>
        </test-method> <!-- signInBadEmail -->
        <test-method status="PASS" signature="posleSvakogTesta()[pri:0, instance:tests.LogInTest@51e2adc7]" name="posleSvakogTesta" is-config="true" duration-ms="1360" started-at="2021-06-10T20:31:36 CEST" finished-at="2021-06-10T20:31:37 CEST">
          <reporter-output>
          </reporter-output>
        </test-method> <!-- posleSvakogTesta -->
        <test-method status="PASS" signature="beforeTest()[pri:0, instance:tests.LogInTest@51e2adc7]" name="beforeTest" is-config="true" duration-ms="3178" started-at="2021-06-10T20:31:37 CEST" finished-at="2021-06-10T20:31:40 CEST">
          <reporter-output>
          </reporter-output>
        </test-method> <!-- beforeTest -->
        <test-method status="FAIL" signature="signInNoPassword()[pri:9, instance:tests.LogInTest@51e2adc7]" name="signInNoPassword" duration-ms="1119" started-at="2021-06-10T20:31:40 CEST" finished-at="2021-06-10T20:31:41 CEST">
          <exception class="java.lang.AssertionError">
            <message>
              <![CDATA[expected [Password is required.] but found [An email address required.]]]>
            </message>
            <full-stacktrace>
              <![CDATA[java.lang.AssertionError: expected [Password is required.] but found [An email address required.]
at org.testng.Assert.fail(Assert.java:99)
at org.testng.Assert.failNotEquals(Assert.java:1037)
at org.testng.Assert.assertEqualsImpl(Assert.java:140)
at org.testng.Assert.assertEquals(Assert.java:122)
at org.testng.Assert.assertEquals(Assert.java:629)
at org.testng.Assert.assertEquals(Assert.java:639)
at tests.LogInTest.signInNoPassword(LogInTest.java:67)
at sun.reflect.NativeMethodAccessorImpl.invoke0(Native Method)
at sun.reflect.NativeMethodAccessorImpl.invoke(Unknown Source)
at sun.reflect.DelegatingMethodAccessorImpl.invoke(Unknown Source)
at java.lang.reflect.Method.invoke(Unknown Source)
at org.testng.internal.MethodInvocationHelper.invokeMethod(MethodInvocationHelper.java:133)
at org.testng.internal.TestInvoker.invokeMethod(TestInvoker.java:598)
at org.testng.internal.TestInvoker.invokeTestMethod(TestInvoker.java:173)
at org.testng.internal.MethodRunner.runInSequence(MethodRunner.java:46)
at org.testng.internal.TestInvoker$MethodInvocationAgent.invoke(TestInvoker.java:824)
at org.testng.internal.TestInvoker.invokeTestMethods(TestInvoker.java:146)
at org.testng.internal.TestMethodWorker.invokeTestMethods(TestMethodWorker.java:146)
at org.testng.internal.TestMethodWorker.run(TestMethodWorker.java:128)
at java.util.ArrayList.forEach(Unknown Source)
at org.testng.TestRunner.privateRun(TestRunner.java:794)
at org.testng.TestRunner.run(TestRunner.java:596)
at org.testng.SuiteRunner.runTest(SuiteRunner.java:377)
at org.testng.SuiteRunner.runSequentially(SuiteRunner.java:371)
at org.testng.SuiteRunner.privateRun(SuiteRunner.java:332)
at org.testng.SuiteRunner.run(SuiteRunner.java:276)
at org.testng.SuiteRunnerWorker.runSuite(SuiteRunnerWorker.java:53)
at org.testng.SuiteRunnerWorker.run(SuiteRunnerWorker.java:96)
at org.testng.TestNG.runSuitesSequentially(TestNG.java:1212)
at org.testng.TestNG.runSuitesLocally(TestNG.java:1134)
at org.testng.TestNG.runSuites(TestNG.java:1063)
at org.testng.TestNG.run(TestNG.java:1031)
at org.testng.remote.AbstractRemoteTestNG.run(AbstractRemoteTestNG.java:115)
at org.testng.remote.RemoteTestNG.initAndRun(RemoteTestNG.java:251)
at org.testng.remote.RemoteTestNG.main(RemoteTestNG.java:77)
]]>
            </full-stacktrace>
          </exception> <!-- java.lang.AssertionError -->
          <reporter-output>
          </reporter-output>
        </test-method> <!-- signInNoPassword -->
        <test-method status="PASS" signature="posleSvakogTesta()[pri:0, instance:tests.LogInTest@51e2adc7]" name="posleSvakogTesta" is-config="true" duration-ms="1694" started-at="2021-06-10T20:31:41 CEST" finished-at="2021-06-10T20:31:43 CEST">
          <reporter-output>
          </reporter-output>
        </test-method> <!-- posleSvakogTesta -->
        <test-method status="PASS" signature="beforeTest()[pri:0, instance:tests.LogInTest@51e2adc7]" name="beforeTest" is-config="true" duration-ms="3522" started-at="2021-06-10T20:31:43 CEST" finished-at="2021-06-10T20:31:47 CEST">
          <reporter-output>
          </reporter-output>
        </test-method> <!-- beforeTest -->
        <test-method status="PASS" signature="signInNoEmail()[pri:12, instance:tests.LogInTest@51e2adc7]" name="signInNoEmail" duration-ms="4615" started-at="2021-06-10T20:31:47 CEST" finished-at="2021-06-10T20:31:51 CEST">
          <reporter-output>
          </reporter-output>
        </test-method> <!-- signInNoEmail -->
        <test-method status="PASS" signature="posleSvakogTesta()[pri:0, instance:tests.LogInTest@51e2adc7]" name="posleSvakogTesta" is-config="true" duration-ms="1162" started-at="2021-06-10T20:31:51 CEST" finished-at="2021-06-10T20:31:52 CEST">
          <reporter-output>
          </reporter-output>
        </test-method> <!-- posleSvakogTesta -->
        <test-method status="PASS" signature="posleSihTestova()[pri:0, instance:tests.LogInTest@51e2adc7]" name="posleSihTestova" is-config="true" duration-ms="92" started-at="2021-06-10T20:31:52 CEST" finished-at="2021-06-10T20:31:52 CEST">
          <reporter-output>
          </reporter-output>
        </test-method> <!-- posleSihTestova -->
      </class> <!-- tests.LogInTest -->
    </test> <!-- Default test -->
  </suite> <!-- Default suite -->
</testng-results>
